<?xml version="1.0" encoding="UTF-8"?>
<testsuite xmlns:xsi="http://www.w3.org/2001/XMLSchema-instance" xsi:noNamespaceSchemaLocation="https://maven.apache.org/surefire/maven-surefire-plugin/xsd/surefire-test-report.xsd" name="com.nc.runners.TestRunner" time="37.648" tests="2" errors="2" skipped="0" failures="0">
  <properties>
[...]
</properties>
  <testcase name="Successful login" classname="Login Functionality" time="19.546">
    <error message="Expected condition failed: waiting for element to be clickable: By.xpath: //div[contains(@id, &apos;btnschema&apos;) and .//div[text()=&apos;ASW&apos; or contains(text(), &apos;Asia Sakti Wahid Foods Manufacturing&apos;)]][@style] (tried for 10 second(s) with 500 milliseconds interval)&#10;Build info: version: &apos;4.20.0&apos;, revision: &apos;866c76ca80&apos;&#10;System info: os.name: &apos;Windows 11&apos;, os.arch: &apos;amd64&apos;, os.version: &apos;10.0&apos;, java.version: &apos;11.0.24&apos;&#10;Driver info: org.openqa.selenium.chrome.ChromeDriver&#10;Capabilities {acceptInsecureCerts: false, browserName: chrome, browserVersion: 135.0.7049.85, chrome: {chromedriverVersion: 135.0.7049.95 (de2eb485a195..., userDataDir: C:\Users\nexsoft\AppData\Lo...}, fedcm:accounts: true, goog:chromeOptions: {debuggerAddress: localhost:55037}, networkConnectionEnabled: false, pageLoadStrategy: normal, platformName: windows, proxy: Proxy(), se:cdp: ws://localhost:55037/devtoo..., se:cdpVersion: 135.0.7049.85, setWindowRect: true, strictFileInteractability: false, timeouts: {implicit: 0, pageLoad: 300000, script: 30000}, unhandledPromptBehavior: dismiss and notify, webauthn:extension:credBlob: true, webauthn:extension:largeBlob: true, webauthn:extension:minPinLength: true, webauthn:extension:prf: true, webauthn:virtualAuthenticators: true}&#10;Session ID: faf70236605b686c0c705d0db9dddcc9" type="org.openqa.selenium.TimeoutException">org.openqa.selenium.TimeoutException: 
Expected condition failed: waiting for element to be clickable: By.xpath: //div[contains(@id, 'btnschema') and .//div[text()='ASW' or contains(text(), 'Asia Sakti Wahid Foods Manufacturing')]][@style] (tried for 10 second(s) with 500 milliseconds interval)
Build info: version: '4.20.0', revision: '866c76ca80'
System info: os.name: 'Windows 11', os.arch: 'amd64', os.version: '10.0', java.version: '11.0.24'
Driver info: org.openqa.selenium.chrome.ChromeDriver
Capabilities {acceptInsecureCerts: false, browserName: chrome, browserVersion: 135.0.7049.85, chrome: {chromedriverVersion: 135.0.7049.95 (de2eb485a195..., userDataDir: C:\Users\nexsoft\AppData\Lo...}, fedcm:accounts: true, goog:chromeOptions: {debuggerAddress: localhost:55037}, networkConnectionEnabled: false, pageLoadStrategy: normal, platformName: windows, proxy: Proxy(), se:cdp: ws://localhost:55037/devtoo..., se:cdpVersion: 135.0.7049.85, setWindowRect: true, strictFileInteractability: false, timeouts: {implicit: 0, pageLoad: 300000, script: 30000}, unhandledPromptBehavior: dismiss and notify, webauthn:extension:credBlob: true, webauthn:extension:largeBlob: true, webauthn:extension:minPinLength: true, webauthn:extension:prf: true, webauthn:virtualAuthenticators: true}
Session ID: faf70236605b686c0c705d0db9dddcc9
</error>
    <system-out><![CDATA[
Scenario Outline: Successful login                         # src/test/java/com/nc/features/Login.feature:11
? Memulai scenario: Successful login
? Path Excel: data/TDLogin.xlsx
? Sheet belum diload: Login
? Membuka file dari classpath: data/TDLogin.xlsx
? Memuat testData ID: TDG000001
? Sheet Login berhasil dimuat. Total ID: 1
? Sheet keys: [TDG000001]
? Data ditemukan: {testData=TDG000001, password=Nexsoft!123, loginId=user01, schemaCode=ASW, action=Login, schemaName=Asia Sakti Wahid Foods Manufacturing, username=katalon_antoni}
  Given User login with testDataID "TDG000001"             # com.nc.stepdefinitions.LoginSteps.userLoginWithTestDataID(java.lang.String)
? Sheet belum diload: Login
? Membuka file dari classpath: data/TDLogin.xlsx
? Memuat testData ID: TDG000001
? Sheet Login berhasil dimuat. Total ID: 1
? Sheet keys: [TDG000001]
  And User navigates to portal from testDataID "TDG000001" # com.nc.stepdefinitions.PortalSteps.userNavigatesToPortal(java.lang.String)
      org.openqa.selenium.TimeoutException: Expected condition failed: waiting for element to be clickable: By.xpath: //div[contains(@id, 'btnschema') and .//div[text()='ASW' or contains(text(), 'Asia Sakti Wahid Foods Manufacturing')]][@style] (tried for 10 second(s) with 500 milliseconds interval)
Build info: version: '4.20.0', revision: '866c76ca80'
System info: os.name: 'Windows 11', os.arch: 'amd64', os.version: '10.0', java.version: '11.0.24'
Driver info: org.openqa.selenium.chrome.ChromeDriver
Capabilities {acceptInsecureCerts: false, browserName: chrome, browserVersion: 135.0.7049.85, chrome: {chromedriverVersion: 135.0.7049.95 (de2eb485a195..., userDataDir: C:\Users\nexsoft\AppData\Lo...}, fedcm:accounts: true, goog:chromeOptions: {debuggerAddress: localhost:55037}, networkConnectionEnabled: false, pageLoadStrategy: normal, platformName: windows, proxy: Proxy(), se:cdp: ws://localhost:55037/devtoo..., se:cdpVersion: 135.0.7049.85, setWindowRect: true, strictFileInteractability: false, timeouts: {implicit: 0, pageLoad: 300000, script: 30000}, unhandledPromptBehavior: dismiss and notify, webauthn:extension:credBlob: true, webauthn:extension:largeBlob: true, webauthn:extension:minPinLength: true, webauthn:extension:prf: true, webauthn:virtualAuthenticators: true}
Session ID: faf70236605b686c0c705d0db9dddcc9
	at org.openqa.selenium.support.ui.WebDriverWait.timeoutException(WebDriverWait.java:84)
	at org.openqa.selenium.support.ui.FluentWait.until(FluentWait.java:228)
	at com.nc.pages.PortalPage.navigateToPortal(PortalPage.java:21)
	at com.nc.stepdefinitions.PortalSteps.userNavigatesToPortal(PortalSteps.java:52)
	at âœ½.User navigates to portal from testDataID "TDG000001"(file:///D:/NexsoftWorkSpace/NexsoftWorkSpace/ReWriteAutomation/NC_BDD/nc/src/test/java/com/nc/features/Login.feature:5)

  Then User should see Nexchief title                      # com.nc.stepdefinitions.LoginSteps.userShouldSeeNexchiefTitle()
? Closing browser...
? Browser ditutup setelah scenario: Successful login
]]></system-out>
    <system-err><![CDATA[SLF4J(W): No SLF4J providers were found.
SLF4J(W): Defaulting to no-operation (NOP) logger implementation
SLF4J(W): See https://www.slf4j.org/codes.html#noProviders for further details.
Apr 17, 2025 3:00:51 PM org.openqa.selenium.devtools.CdpVersionFinder findNearestMatch
WARNING: Unable to find CDP implementation matching 135
Apr 17, 2025 3:00:51 PM org.openqa.selenium.chromium.ChromiumDriver lambda$new$5
WARNING: Unable to find version of CDP to use for 135.0.7049.85. You may need to include a dependency on a specific version of the CDP using something similar to `org.seleniumhq.selenium:selenium-devtools-v86:4.20.0` where the version ("v86") matches the version of the chromium-based browser you're using and the version number of the artifact is the same as Selenium's.
ERROR StatusLogger Log4j2 could not find a logging implementation. Please add log4j-core to the classpath. Using SimpleLogger to log to the console...
? Scenario GAGAL: Successful login
]]></system-err>
  </testcase>
  <testcase name="Successful login" classname="Master Flow Feature" time="16.164">
    <error message="Expected condition failed: waiting for element to be clickable: By.xpath: //div[contains(@id, &apos;btnschema&apos;) and .//div[text()=&apos;ASW&apos; or contains(text(), &apos;Asia Sakti Wahid Foods Manufacturing&apos;)]][@style] (tried for 10 second(s) with 500 milliseconds interval)&#10;Build info: version: &apos;4.20.0&apos;, revision: &apos;866c76ca80&apos;&#10;System info: os.name: &apos;Windows 11&apos;, os.arch: &apos;amd64&apos;, os.version: &apos;10.0&apos;, java.version: &apos;11.0.24&apos;&#10;Driver info: org.openqa.selenium.chrome.ChromeDriver&#10;Capabilities {acceptInsecureCerts: false, browserName: chrome, browserVersion: 135.0.7049.85, chrome: {chromedriverVersion: 135.0.7049.95 (de2eb485a195..., userDataDir: C:\Users\nexsoft\AppData\Lo...}, fedcm:accounts: true, goog:chromeOptions: {debuggerAddress: localhost:55085}, networkConnectionEnabled: false, pageLoadStrategy: normal, platformName: windows, proxy: Proxy(), se:cdp: ws://localhost:55085/devtoo..., se:cdpVersion: 135.0.7049.85, setWindowRect: true, strictFileInteractability: false, timeouts: {implicit: 0, pageLoad: 300000, script: 30000}, unhandledPromptBehavior: dismiss and notify, webauthn:extension:credBlob: true, webauthn:extension:largeBlob: true, webauthn:extension:minPinLength: true, webauthn:extension:prf: true, webauthn:virtualAuthenticators: true}&#10;Session ID: e5be0ac324aadc7c8fa77a3167e7a5ef" type="org.openqa.selenium.TimeoutException">org.openqa.selenium.TimeoutException: 
Expected condition failed: waiting for element to be clickable: By.xpath: //div[contains(@id, 'btnschema') and .//div[text()='ASW' or contains(text(), 'Asia Sakti Wahid Foods Manufacturing')]][@style] (tried for 10 second(s) with 500 milliseconds interval)
Build info: version: '4.20.0', revision: '866c76ca80'
System info: os.name: 'Windows 11', os.arch: 'amd64', os.version: '10.0', java.version: '11.0.24'
Driver info: org.openqa.selenium.chrome.ChromeDriver
Capabilities {acceptInsecureCerts: false, browserName: chrome, browserVersion: 135.0.7049.85, chrome: {chromedriverVersion: 135.0.7049.95 (de2eb485a195..., userDataDir: C:\Users\nexsoft\AppData\Lo...}, fedcm:accounts: true, goog:chromeOptions: {debuggerAddress: localhost:55085}, networkConnectionEnabled: false, pageLoadStrategy: normal, platformName: windows, proxy: Proxy(), se:cdp: ws://localhost:55085/devtoo..., se:cdpVersion: 135.0.7049.85, setWindowRect: true, strictFileInteractability: false, timeouts: {implicit: 0, pageLoad: 300000, script: 30000}, unhandledPromptBehavior: dismiss and notify, webauthn:extension:credBlob: true, webauthn:extension:largeBlob: true, webauthn:extension:minPinLength: true, webauthn:extension:prf: true, webauthn:virtualAuthenticators: true}
Session ID: e5be0ac324aadc7c8fa77a3167e7a5ef
</error>
    <system-out><![CDATA[
Scenario Outline: Successful login                         # src/test/java/com/nc/features/MasterFlow.feature:11
? Memulai scenario: Successful login
? Path Excel: data/TDLogin.xlsx
? Sheet belum diload: Login
? Membuka file dari classpath: data/TDLogin.xlsx
? Memuat testData ID: TDG000001
? Sheet Login berhasil dimuat. Total ID: 1
? Sheet keys: [TDG000001]
? Data ditemukan: {testData=TDG000001, password=Nexsoft!123, loginId=user01, schemaCode=ASW, action=Login, schemaName=Asia Sakti Wahid Foods Manufacturing, username=katalon_antoni}
  Given User login with testDataID "TDG000001"             # com.nc.stepdefinitions.LoginSteps.userLoginWithTestDataID(java.lang.String)
? Sheet belum diload: Login
? Membuka file dari classpath: data/TDLogin.xlsx
? Memuat testData ID: TDG000001
? Sheet Login berhasil dimuat. Total ID: 1
? Sheet keys: [TDG000001]
  And User navigates to portal from testDataID "TDG000001" # com.nc.stepdefinitions.PortalSteps.userNavigatesToPortal(java.lang.String)
      org.openqa.selenium.TimeoutException: Expected condition failed: waiting for element to be clickable: By.xpath: //div[contains(@id, 'btnschema') and .//div[text()='ASW' or contains(text(), 'Asia Sakti Wahid Foods Manufacturing')]][@style] (tried for 10 second(s) with 500 milliseconds interval)
Build info: version: '4.20.0', revision: '866c76ca80'
System info: os.name: 'Windows 11', os.arch: 'amd64', os.version: '10.0', java.version: '11.0.24'
Driver info: org.openqa.selenium.chrome.ChromeDriver
Capabilities {acceptInsecureCerts: false, browserName: chrome, browserVersion: 135.0.7049.85, chrome: {chromedriverVersion: 135.0.7049.95 (de2eb485a195..., userDataDir: C:\Users\nexsoft\AppData\Lo...}, fedcm:accounts: true, goog:chromeOptions: {debuggerAddress: localhost:55085}, networkConnectionEnabled: false, pageLoadStrategy: normal, platformName: windows, proxy: Proxy(), se:cdp: ws://localhost:55085/devtoo..., se:cdpVersion: 135.0.7049.85, setWindowRect: true, strictFileInteractability: false, timeouts: {implicit: 0, pageLoad: 300000, script: 30000}, unhandledPromptBehavior: dismiss and notify, webauthn:extension:credBlob: true, webauthn:extension:largeBlob: true, webauthn:extension:minPinLength: true, webauthn:extension:prf: true, webauthn:virtualAuthenticators: true}
Session ID: e5be0ac324aadc7c8fa77a3167e7a5ef
	at org.openqa.selenium.support.ui.WebDriverWait.timeoutException(WebDriverWait.java:84)
	at org.openqa.selenium.support.ui.FluentWait.until(FluentWait.java:228)
	at com.nc.pages.PortalPage.navigateToPortal(PortalPage.java:21)
	at com.nc.stepdefinitions.PortalSteps.userNavigatesToPortal(PortalSteps.java:52)
	at âœ½.User navigates to portal from testDataID "TDG000001"(file:///D:/NexsoftWorkSpace/NexsoftWorkSpace/ReWriteAutomation/NC_BDD/nc/src/test/java/com/nc/features/MasterFlow.feature:5)

  Then User should see Nexchief title                      # com.nc.stepdefinitions.LoginSteps.userShouldSeeNexchiefTitle()
? Closing browser...
? Browser ditutup setelah scenario: Successful login
]]></system-out>
    <system-err><![CDATA[Apr 17, 2025 3:01:08 PM org.openqa.selenium.devtools.CdpVersionFinder findNearestMatch
WARNING: Unable to find CDP implementation matching 135
Apr 17, 2025 3:01:08 PM org.openqa.selenium.chromium.ChromiumDriver lambda$new$5
WARNING: Unable to find version of CDP to use for 135.0.7049.85. You may need to include a dependency on a specific version of the CDP using something similar to `org.seleniumhq.selenium:selenium-devtools-v86:4.20.0` where the version ("v86") matches the version of the chromium-based browser you're using and the version number of the artifact is the same as Selenium's.
? Scenario GAGAL: Successful login
]]></system-err>
  </testcase>
</testsuite>